2018-03-26 09:00:58,383 INFO (StartupInfoLogger.java:48)- Starting WebSiteApp on localhost with PID 50282 (/Users/adminyhk/Documents/book/School/School_website/target/classes started by adminyhk in /Users/adminyhk/Documents/book/School/School_website)
2018-03-26 09:00:58,386 DEBUG (StartupInfoLogger.java:51)- Running with Spring Boot v1.5.9.RELEASE, Spring v4.3.13.RELEASE
2018-03-26 09:00:58,387 INFO (SpringApplication.java:593)- No active profile set, falling back to default profiles: default
2018-03-26 09:01:00,800 INFO (DruidConfiguration.java:63)- jdbc:mysql://127.0.0.1:3306/p2p?useUnicode=true&characterEncoding=utf8&useSSL=true
2018-03-26 09:01:03,236 INFO (StartupInfoLogger.java:57)- Started WebSiteApp in 5.106 seconds (JVM running for 5.707)
2018-03-26 09:03:54,744 INFO (StartupInfoLogger.java:48)- Starting WebSiteApp on localhost with PID 50282 (/Users/adminyhk/Documents/book/School/School_website/target/classes started by adminyhk in /Users/adminyhk/Documents/book/School/School_website)
2018-03-26 09:03:54,744 DEBUG (StartupInfoLogger.java:51)- Running with Spring Boot v1.5.9.RELEASE, Spring v4.3.13.RELEASE
2018-03-26 09:03:54,744 INFO (SpringApplication.java:593)- No active profile set, falling back to default profiles: default
2018-03-26 09:03:55,358 INFO (DruidConfiguration.java:63)- jdbc:mysql://127.0.0.1:3306/p2p?useUnicode=true&characterEncoding=utf8&useSSL=true
2018-03-26 09:03:55,756 INFO (StartupInfoLogger.java:57)- Started WebSiteApp in 1.066 seconds (JVM running for 178.227)
2018-03-26 09:04:48,918 INFO (StartupInfoLogger.java:48)- Starting WebSiteApp on localhost with PID 50282 (/Users/adminyhk/Documents/book/School/School_website/target/classes started by adminyhk in /Users/adminyhk/Documents/book/School/School_website)
2018-03-26 09:04:48,918 DEBUG (StartupInfoLogger.java:51)- Running with Spring Boot v1.5.9.RELEASE, Spring v4.3.13.RELEASE
2018-03-26 09:04:48,919 INFO (SpringApplication.java:593)- No active profile set, falling back to default profiles: default
2018-03-26 09:04:49,406 INFO (DruidConfiguration.java:63)- jdbc:mysql://127.0.0.1:3306/p2p?useUnicode=true&characterEncoding=utf8&useSSL=true
2018-03-26 09:04:49,730 INFO (StartupInfoLogger.java:57)- Started WebSiteApp in 0.841 seconds (JVM running for 232.201)
2018-03-26 09:05:02,457 INFO (StartupInfoLogger.java:48)- Starting WebSiteApp on localhost with PID 50282 (/Users/adminyhk/Documents/book/School/School_website/target/classes started by adminyhk in /Users/adminyhk/Documents/book/School/School_website)
2018-03-26 09:05:02,457 DEBUG (StartupInfoLogger.java:51)- Running with Spring Boot v1.5.9.RELEASE, Spring v4.3.13.RELEASE
2018-03-26 09:05:02,457 INFO (SpringApplication.java:593)- No active profile set, falling back to default profiles: default
2018-03-26 09:05:02,935 INFO (DruidConfiguration.java:63)- jdbc:mysql://127.0.0.1:3306/p2p?useUnicode=true&characterEncoding=utf8&useSSL=true
2018-03-26 09:05:03,290 INFO (StartupInfoLogger.java:57)- Started WebSiteApp in 0.859 seconds (JVM running for 245.761)
2018-03-26 09:07:33,499 INFO (StartupInfoLogger.java:48)- Starting WebSiteApp on localhost with PID 50282 (/Users/adminyhk/Documents/book/School/School_website/target/classes started by adminyhk in /Users/adminyhk/Documents/book/School/School_website)
2018-03-26 09:07:33,500 DEBUG (StartupInfoLogger.java:51)- Running with Spring Boot v1.5.9.RELEASE, Spring v4.3.13.RELEASE
2018-03-26 09:07:33,500 INFO (SpringApplication.java:593)- No active profile set, falling back to default profiles: default
2018-03-26 09:07:33,938 INFO (DruidConfiguration.java:63)- jdbc:mysql://127.0.0.1:3306/p2p?useUnicode=true&characterEncoding=utf8&useSSL=true
2018-03-26 09:07:34,229 INFO (StartupInfoLogger.java:57)- Started WebSiteApp in 0.755 seconds (JVM running for 396.699)
2018-03-26 09:08:28,323 INFO (StartupInfoLogger.java:48)- Starting WebSiteApp on localhost with PID 50282 (/Users/adminyhk/Documents/book/School/School_website/target/classes started by adminyhk in /Users/adminyhk/Documents/book/School/School_website)
2018-03-26 09:08:28,323 DEBUG (StartupInfoLogger.java:51)- Running with Spring Boot v1.5.9.RELEASE, Spring v4.3.13.RELEASE
2018-03-26 09:08:28,324 INFO (SpringApplication.java:593)- No active profile set, falling back to default profiles: default
2018-03-26 09:08:28,851 INFO (DruidConfiguration.java:63)- jdbc:mysql://127.0.0.1:3306/p2p?useUnicode=true&characterEncoding=utf8&useSSL=true
2018-03-26 09:15:13,083 INFO (StartupInfoLogger.java:48)- Starting WebSiteApp on localhost with PID 50282 (/Users/adminyhk/Documents/book/School/School_website/target/classes started by adminyhk in /Users/adminyhk/Documents/book/School/School_website)
2018-03-26 09:15:13,083 DEBUG (StartupInfoLogger.java:51)- Running with Spring Boot v1.5.9.RELEASE, Spring v4.3.13.RELEASE
2018-03-26 09:15:13,083 INFO (SpringApplication.java:593)- No active profile set, falling back to default profiles: default
2018-03-26 09:15:13,614 INFO (DruidConfiguration.java:63)- jdbc:mysql://127.0.0.1:3306/p2p?useUnicode=true&characterEncoding=utf8&useSSL=true
2018-03-26 09:15:13,980 INFO (StartupInfoLogger.java:57)- Started WebSiteApp in 0.932 seconds (JVM running for 856.449)
2018-03-26 09:15:24,697 INFO (StartupInfoLogger.java:48)- Starting WebSiteApp on localhost with PID 50282 (/Users/adminyhk/Documents/book/School/School_website/target/classes started by adminyhk in /Users/adminyhk/Documents/book/School/School_website)
2018-03-26 09:15:24,697 DEBUG (StartupInfoLogger.java:51)- Running with Spring Boot v1.5.9.RELEASE, Spring v4.3.13.RELEASE
2018-03-26 09:15:24,698 INFO (SpringApplication.java:593)- No active profile set, falling back to default profiles: default
2018-03-26 09:15:25,146 INFO (DruidConfiguration.java:63)- jdbc:mysql://127.0.0.1:3306/p2p?useUnicode=true&characterEncoding=utf8&useSSL=true
2018-03-26 09:15:25,441 INFO (StartupInfoLogger.java:57)- Started WebSiteApp in 0.766 seconds (JVM running for 867.91)
2018-03-26 09:16:38,813 INFO (StartupInfoLogger.java:48)- Starting WebSiteApp on localhost with PID 50282 (/Users/adminyhk/Documents/book/School/School_website/target/classes started by adminyhk in /Users/adminyhk/Documents/book/School/School_website)
2018-03-26 09:16:38,813 DEBUG (StartupInfoLogger.java:51)- Running with Spring Boot v1.5.9.RELEASE, Spring v4.3.13.RELEASE
2018-03-26 09:16:38,813 INFO (SpringApplication.java:593)- No active profile set, falling back to default profiles: default
2018-03-26 09:16:39,195 INFO (DruidConfiguration.java:63)- jdbc:mysql://127.0.0.1:3306/p2p?useUnicode=true&characterEncoding=utf8&useSSL=true
2018-03-26 09:16:39,458 INFO (StartupInfoLogger.java:57)- Started WebSiteApp in 0.668 seconds (JVM running for 941.927)
2018-03-26 09:17:22,510 INFO (StartupInfoLogger.java:48)- Starting WebSiteApp on localhost with PID 50282 (/Users/adminyhk/Documents/book/School/School_website/target/classes started by adminyhk in /Users/adminyhk/Documents/book/School/School_website)
2018-03-26 09:17:22,511 DEBUG (StartupInfoLogger.java:51)- Running with Spring Boot v1.5.9.RELEASE, Spring v4.3.13.RELEASE
2018-03-26 09:17:22,511 INFO (SpringApplication.java:593)- No active profile set, falling back to default profiles: default
2018-03-26 09:17:22,854 INFO (DruidConfiguration.java:63)- jdbc:mysql://127.0.0.1:3306/p2p?useUnicode=true&characterEncoding=utf8&useSSL=true
2018-03-26 09:17:23,237 INFO (StartupInfoLogger.java:57)- Started WebSiteApp in 0.75 seconds (JVM running for 985.706)
2018-03-26 09:17:29,843 INFO (StartupInfoLogger.java:48)- Starting WebSiteApp on localhost with PID 50282 (/Users/adminyhk/Documents/book/School/School_website/target/classes started by adminyhk in /Users/adminyhk/Documents/book/School/School_website)
2018-03-26 09:17:29,843 DEBUG (StartupInfoLogger.java:51)- Running with Spring Boot v1.5.9.RELEASE, Spring v4.3.13.RELEASE
2018-03-26 09:17:29,843 INFO (SpringApplication.java:593)- No active profile set, falling back to default profiles: default
2018-03-26 09:17:30,153 INFO (DruidConfiguration.java:63)- jdbc:mysql://127.0.0.1:3306/p2p?useUnicode=true&characterEncoding=utf8&useSSL=true
2018-03-26 09:17:30,370 INFO (StartupInfoLogger.java:57)- Started WebSiteApp in 0.547 seconds (JVM running for 992.839)
2018-03-26 09:17:53,175 INFO (StartupInfoLogger.java:48)- Starting WebSiteApp on localhost with PID 50282 (/Users/adminyhk/Documents/book/School/School_website/target/classes started by adminyhk in /Users/adminyhk/Documents/book/School/School_website)
2018-03-26 09:17:53,175 DEBUG (StartupInfoLogger.java:51)- Running with Spring Boot v1.5.9.RELEASE, Spring v4.3.13.RELEASE
2018-03-26 09:17:53,175 INFO (SpringApplication.java:593)- No active profile set, falling back to default profiles: default
2018-03-26 09:17:53,822 INFO (StartupInfoLogger.java:57)- Started WebSiteApp in 0.669 seconds (JVM running for 1016.291)
2018-03-26 09:19:19,297 INFO (StartupInfoLogger.java:48)- Starting WebSiteApp on localhost with PID 50282 (/Users/adminyhk/Documents/book/School/School_website/target/classes started by adminyhk in /Users/adminyhk/Documents/book/School/School_website)
2018-03-26 09:19:19,297 DEBUG (StartupInfoLogger.java:51)- Running with Spring Boot v1.5.9.RELEASE, Spring v4.3.13.RELEASE
2018-03-26 09:19:19,297 INFO (SpringApplication.java:593)- No active profile set, falling back to default profiles: default
2018-03-26 09:19:19,653 INFO (DruidConfiguration.java:63)- jdbc:mysql://127.0.0.1:3306/p2p?useUnicode=true&characterEncoding=utf8&useSSL=true
2018-03-26 09:19:19,904 INFO (StartupInfoLogger.java:57)- Started WebSiteApp in 0.63 seconds (JVM running for 1102.372)
2018-03-26 09:19:30,582 INFO (StartupInfoLogger.java:48)- Starting WebSiteApp on localhost with PID 50282 (/Users/adminyhk/Documents/book/School/School_website/target/classes started by adminyhk in /Users/adminyhk/Documents/book/School/School_website)
2018-03-26 09:19:30,583 DEBUG (StartupInfoLogger.java:51)- Running with Spring Boot v1.5.9.RELEASE, Spring v4.3.13.RELEASE
2018-03-26 09:19:30,583 INFO (SpringApplication.java:593)- No active profile set, falling back to default profiles: default
2018-03-26 09:19:30,952 INFO (DruidConfiguration.java:63)- jdbc:mysql://127.0.0.1:3306/p2p?useUnicode=true&characterEncoding=utf8&useSSL=true
2018-03-26 09:19:31,204 INFO (StartupInfoLogger.java:57)- Started WebSiteApp in 0.645 seconds (JVM running for 1113.672)
2018-03-26 09:19:54,036 INFO (StartupInfoLogger.java:48)- Starting WebSiteApp on localhost with PID 50282 (/Users/adminyhk/Documents/book/School/School_website/target/classes started by adminyhk in /Users/adminyhk/Documents/book/School/School_website)
2018-03-26 09:19:54,037 DEBUG (StartupInfoLogger.java:51)- Running with Spring Boot v1.5.9.RELEASE, Spring v4.3.13.RELEASE
2018-03-26 09:19:54,037 INFO (SpringApplication.java:593)- No active profile set, falling back to default profiles: default
2018-03-26 09:19:54,406 INFO (DruidConfiguration.java:63)- jdbc:mysql://127.0.0.1:3306/p2p?useUnicode=true&characterEncoding=utf8&useSSL=true
2018-03-26 09:19:54,641 INFO (StartupInfoLogger.java:57)- Started WebSiteApp in 0.631 seconds (JVM running for 1137.109)
2018-03-26 09:19:59,300 INFO (StartupInfoLogger.java:48)- Starting WebSiteApp on localhost with PID 50282 (/Users/adminyhk/Documents/book/School/School_website/target/classes started by adminyhk in /Users/adminyhk/Documents/book/School/School_website)
2018-03-26 09:19:59,300 DEBUG (StartupInfoLogger.java:51)- Running with Spring Boot v1.5.9.RELEASE, Spring v4.3.13.RELEASE
2018-03-26 09:19:59,300 INFO (SpringApplication.java:593)- No active profile set, falling back to default profiles: default
2018-03-26 09:19:59,745 INFO (DruidConfiguration.java:63)- jdbc:mysql://127.0.0.1:3306/p2p?useUnicode=true&characterEncoding=utf8&useSSL=true
2018-03-26 09:20:00,071 INFO (StartupInfoLogger.java:57)- Started WebSiteApp in 0.794 seconds (JVM running for 1142.539)
2018-03-26 09:20:56,383 INFO (StartupInfoLogger.java:48)- Starting WebSiteApp on localhost with PID 50282 (/Users/adminyhk/Documents/book/School/School_website/target/classes started by adminyhk in /Users/adminyhk/Documents/book/School/School_website)
2018-03-26 09:20:56,384 DEBUG (StartupInfoLogger.java:51)- Running with Spring Boot v1.5.9.RELEASE, Spring v4.3.13.RELEASE
2018-03-26 09:20:56,384 INFO (SpringApplication.java:593)- No active profile set, falling back to default profiles: default
2018-03-26 09:20:56,785 INFO (DruidConfiguration.java:63)- jdbc:mysql://127.0.0.1:3306/p2p?useUnicode=true&characterEncoding=utf8&useSSL=true
2018-03-26 09:20:57,084 INFO (StartupInfoLogger.java:57)- Started WebSiteApp in 0.731 seconds (JVM running for 1199.553)
2018-03-26 09:23:09,073 INFO (StartupInfoLogger.java:48)- Starting WebSiteApp on localhost with PID 50282 (/Users/adminyhk/Documents/book/School/School_website/target/classes started by adminyhk in /Users/adminyhk/Documents/book/School/School_website)
2018-03-26 09:23:09,073 DEBUG (StartupInfoLogger.java:51)- Running with Spring Boot v1.5.9.RELEASE, Spring v4.3.13.RELEASE
2018-03-26 09:23:09,073 INFO (SpringApplication.java:593)- No active profile set, falling back to default profiles: default
2018-03-26 09:23:09,455 INFO (DruidConfiguration.java:63)- jdbc:mysql://127.0.0.1:3306/p2p?useUnicode=true&characterEncoding=utf8&useSSL=true
2018-03-26 09:23:09,725 INFO (StartupInfoLogger.java:57)- Started WebSiteApp in 0.677 seconds (JVM running for 1332.194)
2018-03-26 09:23:11,276 INFO (StartupInfoLogger.java:48)- Starting WebSiteApp on localhost with PID 50282 (/Users/adminyhk/Documents/book/School/School_website/target/classes started by adminyhk in /Users/adminyhk/Documents/book/School/School_website)
2018-03-26 09:23:11,277 DEBUG (StartupInfoLogger.java:51)- Running with Spring Boot v1.5.9.RELEASE, Spring v4.3.13.RELEASE
2018-03-26 09:23:11,277 INFO (SpringApplication.java:593)- No active profile set, falling back to default profiles: default
2018-03-26 09:23:11,597 INFO (DruidConfiguration.java:63)- jdbc:mysql://127.0.0.1:3306/p2p?useUnicode=true&characterEncoding=utf8&useSSL=true
2018-03-26 09:23:11,817 INFO (StartupInfoLogger.java:57)- Started WebSiteApp in 0.564 seconds (JVM running for 1334.285)
2018-03-26 09:23:17,440 INFO (StartupInfoLogger.java:48)- Starting WebSiteApp on localhost with PID 50282 (/Users/adminyhk/Documents/book/School/School_website/target/classes started by adminyhk in /Users/adminyhk/Documents/book/School/School_website)
2018-03-26 09:23:17,440 DEBUG (StartupInfoLogger.java:51)- Running with Spring Boot v1.5.9.RELEASE, Spring v4.3.13.RELEASE
2018-03-26 09:23:17,440 INFO (SpringApplication.java:593)- No active profile set, falling back to default profiles: default
2018-03-26 09:23:17,822 INFO (DruidConfiguration.java:63)- jdbc:mysql://127.0.0.1:3306/p2p?useUnicode=true&characterEncoding=utf8&useSSL=true
2018-03-26 09:23:18,050 INFO (StartupInfoLogger.java:57)- Started WebSiteApp in 0.636 seconds (JVM running for 1340.518)
2018-03-26 09:23:30,734 INFO (StartupInfoLogger.java:48)- Starting WebSiteApp on localhost with PID 50282 (/Users/adminyhk/Documents/book/School/School_website/target/classes started by adminyhk in /Users/adminyhk/Documents/book/School/School_website)
2018-03-26 09:23:30,734 DEBUG (StartupInfoLogger.java:51)- Running with Spring Boot v1.5.9.RELEASE, Spring v4.3.13.RELEASE
2018-03-26 09:23:30,734 INFO (SpringApplication.java:593)- No active profile set, falling back to default profiles: default
2018-03-26 09:23:31,052 INFO (DruidConfiguration.java:63)- jdbc:mysql://127.0.0.1:3306/p2p?useUnicode=true&characterEncoding=utf8&useSSL=true
2018-03-26 09:23:31,281 INFO (StartupInfoLogger.java:57)- Started WebSiteApp in 0.571 seconds (JVM running for 1353.749)
2018-03-26 09:24:03,227 INFO (StartupInfoLogger.java:48)- Starting WebSiteApp on localhost with PID 50282 (/Users/adminyhk/Documents/book/School/School_website/target/classes started by adminyhk in /Users/adminyhk/Documents/book/School/School_website)
2018-03-26 09:24:03,227 DEBUG (StartupInfoLogger.java:51)- Running with Spring Boot v1.5.9.RELEASE, Spring v4.3.13.RELEASE
2018-03-26 09:24:03,227 INFO (SpringApplication.java:593)- No active profile set, falling back to default profiles: default
2018-03-26 09:24:03,598 INFO (DruidConfiguration.java:63)- jdbc:mysql://127.0.0.1:3306/p2p?useUnicode=true&characterEncoding=utf8&useSSL=true
2018-03-26 09:24:07,147 INFO (StartupInfoLogger.java:48)- Starting WebSiteApp on localhost with PID 50282 (/Users/adminyhk/Documents/book/School/School_website/target/classes started by adminyhk in /Users/adminyhk/Documents/book/School/School_website)
2018-03-26 09:24:07,147 DEBUG (StartupInfoLogger.java:51)- Running with Spring Boot v1.5.9.RELEASE, Spring v4.3.13.RELEASE
2018-03-26 09:24:07,147 INFO (SpringApplication.java:593)- No active profile set, falling back to default profiles: default
2018-03-26 09:24:07,474 INFO (DruidConfiguration.java:63)- jdbc:mysql://127.0.0.1:3306/p2p?useUnicode=true&characterEncoding=utf8&useSSL=true
2018-03-26 09:25:11,713 INFO (StartupInfoLogger.java:48)- Starting WebSiteApp on localhost with PID 50282 (/Users/adminyhk/Documents/book/School/School_website/target/classes started by adminyhk in /Users/adminyhk/Documents/book/School/School_website)
2018-03-26 09:25:11,713 DEBUG (StartupInfoLogger.java:51)- Running with Spring Boot v1.5.9.RELEASE, Spring v4.3.13.RELEASE
2018-03-26 09:25:11,713 INFO (SpringApplication.java:593)- No active profile set, falling back to default profiles: default
2018-03-26 09:25:12,088 INFO (DruidConfiguration.java:63)- jdbc:mysql://127.0.0.1:3306/p2p?useUnicode=true&characterEncoding=utf8&useSSL=true
2018-03-26 09:25:36,906 INFO (StartupInfoLogger.java:48)- Starting WebSiteApp on localhost with PID 50282 (/Users/adminyhk/Documents/book/School/School_website/target/classes started by adminyhk in /Users/adminyhk/Documents/book/School/School_website)
2018-03-26 09:25:36,906 DEBUG (StartupInfoLogger.java:51)- Running with Spring Boot v1.5.9.RELEASE, Spring v4.3.13.RELEASE
2018-03-26 09:25:36,906 INFO (SpringApplication.java:593)- No active profile set, falling back to default profiles: default
2018-03-26 09:25:39,723 INFO (StartupInfoLogger.java:48)- Starting WebSiteApp on localhost with PID 50282 (/Users/adminyhk/Documents/book/School/School_website/target/classes started by adminyhk in /Users/adminyhk/Documents/book/School/School_website)
2018-03-26 09:25:39,724 DEBUG (StartupInfoLogger.java:51)- Running with Spring Boot v1.5.9.RELEASE, Spring v4.3.13.RELEASE
2018-03-26 09:25:39,724 INFO (SpringApplication.java:593)- No active profile set, falling back to default profiles: default
2018-03-26 09:25:40,134 INFO (DruidConfiguration.java:63)- jdbc:mysql://127.0.0.1:3306/p2p?useUnicode=true&characterEncoding=utf8&useSSL=true
2018-03-26 09:25:42,660 INFO (StartupInfoLogger.java:48)- Starting WebSiteApp on localhost with PID 50282 (/Users/adminyhk/Documents/book/School/School_website/target/classes started by adminyhk in /Users/adminyhk/Documents/book/School/School_website)
2018-03-26 09:25:42,660 DEBUG (StartupInfoLogger.java:51)- Running with Spring Boot v1.5.9.RELEASE, Spring v4.3.13.RELEASE
2018-03-26 09:25:42,661 INFO (SpringApplication.java:593)- No active profile set, falling back to default profiles: default
2018-03-26 09:25:43,023 INFO (DruidConfiguration.java:63)- jdbc:mysql://127.0.0.1:3306/p2p?useUnicode=true&characterEncoding=utf8&useSSL=true
2018-03-26 09:25:55,667 INFO (StartupInfoLogger.java:48)- Starting WebSiteApp on localhost with PID 50282 (/Users/adminyhk/Documents/book/School/School_website/target/classes started by adminyhk in /Users/adminyhk/Documents/book/School/School_website)
2018-03-26 09:25:55,667 DEBUG (StartupInfoLogger.java:51)- Running with Spring Boot v1.5.9.RELEASE, Spring v4.3.13.RELEASE
2018-03-26 09:25:55,667 INFO (SpringApplication.java:593)- No active profile set, falling back to default profiles: default
2018-03-26 09:25:56,007 INFO (DruidConfiguration.java:63)- jdbc:mysql://127.0.0.1:3306/p2p?useUnicode=true&characterEncoding=utf8&useSSL=true
2018-03-26 09:26:05,616 INFO (StartupInfoLogger.java:48)- Starting WebSiteApp on localhost with PID 50425 (/Users/adminyhk/Documents/book/School/School_website/target/classes started by adminyhk in /Users/adminyhk/Documents/book/School/School_website)
2018-03-26 09:26:05,618 DEBUG (StartupInfoLogger.java:51)- Running with Spring Boot v1.5.9.RELEASE, Spring v4.3.13.RELEASE
2018-03-26 09:26:05,619 INFO (SpringApplication.java:593)- No active profile set, falling back to default profiles: default
2018-03-26 09:26:07,838 INFO (DruidConfiguration.java:63)- jdbc:mysql://127.0.0.1:3306/p2p?useUnicode=true&characterEncoding=utf8&useSSL=true
2018-03-26 09:26:49,423 INFO (StartupInfoLogger.java:48)- Starting WebSiteApp on localhost with PID 50428 (/Users/adminyhk/Documents/book/School/School_website/target/classes started by adminyhk in /Users/adminyhk/Documents/book/School/School_website)
2018-03-26 09:26:49,426 DEBUG (StartupInfoLogger.java:51)- Running with Spring Boot v1.5.9.RELEASE, Spring v4.3.13.RELEASE
2018-03-26 09:26:49,426 INFO (SpringApplication.java:593)- No active profile set, falling back to default profiles: default
2018-03-26 09:26:51,639 INFO (DruidConfiguration.java:63)- jdbc:mysql://127.0.0.1:3306/p2p?useUnicode=true&characterEncoding=utf8&useSSL=true
2018-03-26 09:27:30,780 INFO (StartupInfoLogger.java:48)- Starting WebSiteApp on localhost with PID 50443 (/Users/adminyhk/Documents/book/School/School_website/target/classes started by adminyhk in /Users/adminyhk/Documents/book/School/School_website)
2018-03-26 09:27:30,782 DEBUG (StartupInfoLogger.java:51)- Running with Spring Boot v1.5.9.RELEASE, Spring v4.3.13.RELEASE
2018-03-26 09:27:30,783 INFO (SpringApplication.java:593)- No active profile set, falling back to default profiles: default
2018-03-26 09:27:32,988 INFO (DruidConfiguration.java:63)- jdbc:mysql://127.0.0.1:3306/p2p?useUnicode=true&characterEncoding=utf8&useSSL=true
2018-03-26 09:27:35,205 INFO (StartupInfoLogger.java:57)- Started WebSiteApp in 4.689 seconds (JVM running for 5.306)
2018-03-26 09:29:23,096 INFO (StartupInfoLogger.java:48)- Starting WebSiteApp on localhost with PID 50449 (/Users/adminyhk/Documents/book/School/School_website/target/classes started by adminyhk in /Users/adminyhk/Documents/book/School/School_website)
2018-03-26 09:29:23,099 DEBUG (StartupInfoLogger.java:51)- Running with Spring Boot v1.5.9.RELEASE, Spring v4.3.13.RELEASE
2018-03-26 09:29:23,101 INFO (SpringApplication.java:593)- No active profile set, falling back to default profiles: default
2018-03-26 09:29:25,668 INFO (DruidConfiguration.java:63)- jdbc:mysql://127.0.0.1:3306/p2p?useUnicode=true&characterEncoding=utf8&useSSL=true
2018-03-26 09:29:28,259 INFO (StartupInfoLogger.java:57)- Started WebSiteApp in 5.494 seconds (JVM running for 6.102)
2018-03-26 09:29:32,391 DEBUG (BaseJdbcLogger.java:159)- ==>  Preparing: select * from school_user where user_name=? 
2018-03-26 09:29:32,614 DEBUG (BaseJdbcLogger.java:159)- ==> Parameters: null
2018-03-26 09:29:32,635 DEBUG (BaseJdbcLogger.java:159)- <==      Total: 0
2018-03-26 09:31:31,999 DEBUG (BaseJdbcLogger.java:159)- ==>  Preparing: select * from school_user where user_name=? 
2018-03-26 09:31:32,000 DEBUG (BaseJdbcLogger.java:159)- ==> Parameters: null
2018-03-26 09:31:32,001 DEBUG (BaseJdbcLogger.java:159)- <==      Total: 0
2018-03-26 09:58:34,697 DEBUG (BaseJdbcLogger.java:159)- ==>  Preparing: select * from school_user where user_name=? 
2018-03-26 09:58:34,697 DEBUG (BaseJdbcLogger.java:159)- ==> Parameters: null
2018-03-26 09:58:34,699 DEBUG (BaseJdbcLogger.java:159)- <==      Total: 0
2018-03-26 09:58:42,457 DEBUG (BaseJdbcLogger.java:159)- ==>  Preparing: select * from school_user where user_name=? 
2018-03-26 09:58:42,458 DEBUG (BaseJdbcLogger.java:159)- ==> Parameters: null
2018-03-26 09:58:42,460 DEBUG (BaseJdbcLogger.java:159)- <==      Total: 0
2018-03-26 10:03:33,313 DEBUG (BaseJdbcLogger.java:159)- ==>  Preparing: select * from school_user where user_name=? 
2018-03-26 10:03:33,315 DEBUG (BaseJdbcLogger.java:159)- ==> Parameters: Admin(String)
2018-03-26 10:03:33,319 DEBUG (BaseJdbcLogger.java:159)- <==      Total: 1
2018-03-26 10:15:47,068 INFO (StartupInfoLogger.java:48)- Starting WebSiteApp on localhost with PID 50449 (/Users/adminyhk/Documents/book/School/School_website/target/classes started by adminyhk in /Users/adminyhk/Documents/book/School/School_website)
2018-03-26 10:15:47,068 DEBUG (StartupInfoLogger.java:51)- Running with Spring Boot v1.5.9.RELEASE, Spring v4.3.13.RELEASE
2018-03-26 10:15:47,068 INFO (SpringApplication.java:593)- No active profile set, falling back to default profiles: default
2018-03-26 10:15:47,596 INFO (DruidConfiguration.java:63)- jdbc:mysql://127.0.0.1:3306/p2p?useUnicode=true&characterEncoding=utf8&useSSL=true
2018-03-26 10:15:47,982 INFO (StartupInfoLogger.java:57)- Started WebSiteApp in 0.957 seconds (JVM running for 2753.732)
2018-03-26 10:15:54,651 INFO (StartupInfoLogger.java:48)- Starting WebSiteApp on localhost with PID 50449 (/Users/adminyhk/Documents/book/School/School_website/target/classes started by adminyhk in /Users/adminyhk/Documents/book/School/School_website)
2018-03-26 10:15:54,651 DEBUG (StartupInfoLogger.java:51)- Running with Spring Boot v1.5.9.RELEASE, Spring v4.3.13.RELEASE
2018-03-26 10:15:54,652 INFO (SpringApplication.java:593)- No active profile set, falling back to default profiles: default
2018-03-26 10:15:55,188 INFO (DruidConfiguration.java:63)- jdbc:mysql://127.0.0.1:3306/p2p?useUnicode=true&characterEncoding=utf8&useSSL=true
2018-03-26 10:15:55,597 INFO (StartupInfoLogger.java:57)- Started WebSiteApp in 0.975 seconds (JVM running for 2761.347)
2018-03-26 10:15:59,244 INFO (StartupInfoLogger.java:48)- Starting WebSiteApp on localhost with PID 50449 (/Users/adminyhk/Documents/book/School/School_website/target/classes started by adminyhk in /Users/adminyhk/Documents/book/School/School_website)
2018-03-26 10:15:59,245 DEBUG (StartupInfoLogger.java:51)- Running with Spring Boot v1.5.9.RELEASE, Spring v4.3.13.RELEASE
2018-03-26 10:15:59,245 INFO (SpringApplication.java:593)- No active profile set, falling back to default profiles: default
2018-03-26 10:15:59,821 INFO (DruidConfiguration.java:63)- jdbc:mysql://127.0.0.1:3306/p2p?useUnicode=true&characterEncoding=utf8&useSSL=true
2018-03-26 10:16:00,201 INFO (StartupInfoLogger.java:57)- Started WebSiteApp in 0.982 seconds (JVM running for 2765.951)
2018-03-26 10:16:32,181 DEBUG (BaseJdbcLogger.java:159)- ==>  Preparing: select * from school_user where user_name=? 
2018-03-26 10:16:32,182 DEBUG (BaseJdbcLogger.java:159)- ==> Parameters: Admin(String)
2018-03-26 10:16:32,185 DEBUG (BaseJdbcLogger.java:159)- <==      Total: 1
2018-03-26 10:16:37,101 DEBUG (BaseJdbcLogger.java:159)- ==>  Preparing: select * from school_user where user_name=? 
2018-03-26 10:16:37,101 DEBUG (BaseJdbcLogger.java:159)- ==> Parameters: Admin(String)
2018-03-26 10:16:37,103 DEBUG (BaseJdbcLogger.java:159)- <==      Total: 1
2018-03-26 10:17:02,488 INFO (StartupInfoLogger.java:48)- Starting WebSiteApp on localhost with PID 50449 (/Users/adminyhk/Documents/book/School/School_website/target/classes started by adminyhk in /Users/adminyhk/Documents/book/School/School_website)
2018-03-26 10:17:02,489 DEBUG (StartupInfoLogger.java:51)- Running with Spring Boot v1.5.9.RELEASE, Spring v4.3.13.RELEASE
2018-03-26 10:17:02,489 INFO (SpringApplication.java:593)- No active profile set, falling back to default profiles: default
2018-03-26 10:17:02,920 INFO (DruidConfiguration.java:63)- jdbc:mysql://127.0.0.1:3306/p2p?useUnicode=true&characterEncoding=utf8&useSSL=true
2018-03-26 10:17:03,240 INFO (StartupInfoLogger.java:57)- Started WebSiteApp in 0.777 seconds (JVM running for 2828.99)
2018-03-26 10:40:26,902 INFO (StartupInfoLogger.java:48)- Starting WebSiteApp on localhost with PID 51672 (/Users/adminyhk/Documents/book/School/School_website/target/classes started by adminyhk in /Users/adminyhk/Documents/book/School/School_website)
2018-03-26 10:40:26,907 DEBUG (StartupInfoLogger.java:51)- Running with Spring Boot v1.5.9.RELEASE, Spring v4.3.13.RELEASE
2018-03-26 10:40:26,908 INFO (SpringApplication.java:593)- No active profile set, falling back to default profiles: default
2018-03-26 10:40:29,935 INFO (DruidConfiguration.java:63)- jdbc:mysql://127.0.0.1:3306/p2p?useUnicode=true&characterEncoding=utf8&useSSL=true
2018-03-26 10:40:33,051 INFO (StartupInfoLogger.java:57)- Started WebSiteApp in 6.505 seconds (JVM running for 8.082)
2018-03-26 11:05:16,083 INFO (StartupInfoLogger.java:48)- Starting WebSiteApp on localhost with PID 51672 (/Users/adminyhk/Documents/book/School/School_website/target/classes started by adminyhk in /Users/adminyhk/Documents/book/School/School_website)
2018-03-26 11:05:16,087 INFO (SpringApplication.java:593)- No active profile set, falling back to default profiles: default
2018-03-26 11:05:16,664 INFO (DruidConfiguration.java:63)- jdbc:mysql://127.0.0.1:3306/p2p?useUnicode=true&characterEncoding=utf8&useSSL=true
2018-03-26 11:05:17,126 INFO (StartupInfoLogger.java:57)- Started WebSiteApp in 1.103 seconds (JVM running for 1492.154)
